This is pdfTeX, Version 3.1415926-2.4-1.40.13 (TeX Live 2012) (format=pdflatex 2012.6.30)  18 DEC 2014 18:55
entering extended mode
 restricted \write18 enabled.
 file:line:error style messages enabled.
 %&-line parsing enabled.
**Global.tex
(./Global.tex
LaTeX2e <2011/06/27>
Babel <v3.8m> and hyphenation patterns for english, dumylang, nohyphenation, ge
rman-x-2012-05-30, ngerman-x-2012-05-30, afrikaans, ancientgreek, ibycus, arabi
c, armenian, basque, bulgarian, catalan, pinyin, coptic, croatian, czech, danis
h, dutch, ukenglish, usenglishmax, esperanto, estonian, ethiopic, farsi, finnis
h, french, friulan, galician, german, ngerman, swissgerman, monogreek, greek, h
ungarian, icelandic, assamese, bengali, gujarati, hindi, kannada, malayalam, ma
rathi, oriya, panjabi, tamil, telugu, indonesian, interlingua, irish, italian, 
kurmanji, latin, latvian, lithuanian, mongolian, mongolianlmc, bokmal, nynorsk,
 polish, portuguese, romanian, romansh, russian, sanskrit, serbian, serbianc, s
lovak, slovenian, spanish, swedish, turkish, turkmen, ukrainian, uppersorbian, 
welsh, loaded.
(/usr/local/texlive/2012/texmf-dist/tex/latex/base/article.cls
Document Class: article 2007/10/19 v1.4h Standard LaTeX document class
(/usr/local/texlive/2012/texmf-dist/tex/latex/base/size10.clo
File: size10.clo 2007/10/19 v1.4h Standard LaTeX file (size option)
)
\c@part=\count79
\c@section=\count80
\c@subsection=\count81
\c@subsubsection=\count82
\c@paragraph=\count83
\c@subparagraph=\count84
\c@figure=\count85
\c@table=\count86
\abovecaptionskip=\skip41
\belowcaptionskip=\skip42
\bibindent=\dimen102
)
(/usr/local/texlive/2012/texmf-dist/tex/latex/amsmath/amsmath.sty
Package: amsmath 2000/07/18 v2.13 AMS math features
\@mathmargin=\skip43

For additional information on amsmath, use the `?' option.
(/usr/local/texlive/2012/texmf-dist/tex/latex/amsmath/amstext.sty
Package: amstext 2000/06/29 v2.01

(/usr/local/texlive/2012/texmf-dist/tex/latex/amsmath/amsgen.sty
File: amsgen.sty 1999/11/30 v2.0
\@emptytoks=\toks14
\ex@=\dimen103
))
(/usr/local/texlive/2012/texmf-dist/tex/latex/amsmath/amsbsy.sty
Package: amsbsy 1999/11/29 v1.2d
\pmbraise@=\dimen104
)
(/usr/local/texlive/2012/texmf-dist/tex/latex/amsmath/amsopn.sty
Package: amsopn 1999/12/14 v2.01 operator names
)
\inf@bad=\count87
LaTeX Info: Redefining \frac on input line 211.
\uproot@=\count88
\leftroot@=\count89
LaTeX Info: Redefining \overline on input line 307.
\classnum@=\count90
\DOTSCASE@=\count91
LaTeX Info: Redefining \ldots on input line 379.
LaTeX Info: Redefining \dots on input line 382.
LaTeX Info: Redefining \cdots on input line 467.
\Mathstrutbox@=\box26
\strutbox@=\box27
\big@size=\dimen105
LaTeX Font Info:    Redeclaring font encoding OML on input line 567.
LaTeX Font Info:    Redeclaring font encoding OMS on input line 568.
\macc@depth=\count92
\c@MaxMatrixCols=\count93
\dotsspace@=\muskip10
\c@parentequation=\count94
\dspbrk@lvl=\count95
\tag@help=\toks15
\row@=\count96
\column@=\count97
\maxfields@=\count98
\andhelp@=\toks16
\eqnshift@=\dimen106
\alignsep@=\dimen107
\tagshift@=\dimen108
\tagwidth@=\dimen109
\totwidth@=\dimen110
\lineht@=\dimen111
\@envbody=\toks17
\multlinegap=\skip44
\multlinetaggap=\skip45
\mathdisplay@stack=\toks18
LaTeX Info: Redefining \[ on input line 2666.
LaTeX Info: Redefining \] on input line 2667.
)
(/usr/local/texlive/2012/texmf-dist/tex/latex/amsfonts/amssymb.sty
Package: amssymb 2009/06/22 v3.00

(/usr/local/texlive/2012/texmf-dist/tex/latex/amsfonts/amsfonts.sty
Package: amsfonts 2009/06/22 v3.00 Basic AMSFonts support
\symAMSa=\mathgroup4
\symAMSb=\mathgroup5
LaTeX Font Info:    Overwriting math alphabet `\mathfrak' in version `bold'
(Font)                  U/euf/m/n --> U/euf/b/n on input line 96.
))
(/usr/local/texlive/2012/texmf-dist/tex/latex/amscls/amsthm.sty
Package: amsthm 2009/07/02 v2.20.1
\thm@style=\toks19
\thm@bodyfont=\toks20
\thm@headfont=\toks21
\thm@notefont=\toks22
\thm@headpunct=\toks23
\thm@preskip=\skip46
\thm@postskip=\skip47
\thm@headsep=\skip48
\dth@everypar=\toks24
)
(/usr/local/texlive/2012/texmf-dist/tex/latex/tools/enumerate.sty
Package: enumerate 1999/03/05 v3.00 enumerate extensions (DPC)
\@enLab=\toks25
)
(/usr/local/texlive/2012/texmf-dist/tex/latex/oberdiek/colonequals.sty
Package: colonequals 2006/08/01 v1.0 Colon equals symbols (HO)
)
(/usr/local/texlive/2012/texmf-dist/tex/latex/preprint/fullpage.sty
Package: fullpage 1999/02/23 1.1 (PWD)
\FP@margin=\skip49
)
(/usr/local/texlive/2012/texmf-dist/tex/latex/doublestroke/dsfont.sty
Package: dsfont 1995/08/01 v0.1 Double stroke roman fonts
)
\c@theorem=\count99
\c@defn=\count100
\c@cor=\count101
\c@claim=\count102
\c@lem=\count103
\c@lemma=\count104


Package amsthm Warning: Unknown theoremstyle `theorem' on input line 53.


Package amsthm Warning: Unknown theoremstyle `empty' on input line 66.

\c@namedtheorem=\count105
(./Global.aux (./week_1/john_susice_surreal_numbers_notes_fall2014.aux

LaTeX Warning: Label `' multiply defined.


LaTeX Warning: Label `' multiply defined.


LaTeX Warning: Label `' multiply defined.

) (./week_2/g_week_2.aux) (./week_3/zach.aux) (./week_4/g_week_4.aux)
(./week_5/g_week_5.aux) (./week_6/g_week_6.aux)
(./week_7/285D_notes_nov_17_18_21.aux) (./week_8/g_week_8.aux)
(./week_9/g_week_9.aux) (./week_11/g_week_11.aux)
(./week_11/week_11_addendum.aux))
\openout1 = `Global.aux'.

LaTeX Font Info:    Checking defaults for OML/cmm/m/it on input line 90.
LaTeX Font Info:    ... okay on input line 90.
LaTeX Font Info:    Checking defaults for T1/cmr/m/n on input line 90.
LaTeX Font Info:    ... okay on input line 90.
LaTeX Font Info:    Checking defaults for OT1/cmr/m/n on input line 90.
LaTeX Font Info:    ... okay on input line 90.
LaTeX Font Info:    Checking defaults for OMS/cmsy/m/n on input line 90.
LaTeX Font Info:    ... okay on input line 90.
LaTeX Font Info:    Checking defaults for OMX/cmex/m/n on input line 90.
LaTeX Font Info:    ... okay on input line 90.
LaTeX Font Info:    Checking defaults for U/cmr/m/n on input line 90.
LaTeX Font Info:    ... okay on input line 90.
LaTeX Font Info:    Try loading font information for U+msa on input line 91.

(/usr/local/texlive/2012/texmf-dist/tex/latex/amsfonts/umsa.fd
File: umsa.fd 2009/06/22 v3.00 AMS symbols A
)
LaTeX Font Info:    Try loading font information for U+msb on input line 91.

(/usr/local/texlive/2012/texmf-dist/tex/latex/amsfonts/umsb.fd
File: umsb.fd 2009/06/22 v3.00 AMS symbols B
) [1

{/usr/local/texlive/2012/texmf-var/fonts/map/pdftex/updmap/pdftex.map}]
\openout2 = `week_1/john_susice_surreal_numbers_notes_fall2014.aux'.


(./week_1/john_susice_surreal_numbers_notes_fall2014.tex [2

] [3]
LaTeX Font Info:    Try loading font information for OMS+cmr on input line 268.


(/usr/local/texlive/2012/texmf-dist/tex/latex/base/omscmr.fd
File: omscmr.fd 1999/05/25 v2.5h Standard LaTeX font definitions
)
LaTeX Font Info:    Font shape `OMS/cmr/m/it' in size <10> not available
(Font)              Font shape `OMS/cmsy/m/n' tried instead on input line 268.
LaTeX Font Info:    Font shape `OMS/cmr/m/n' in size <10> not available
(Font)              Font shape `OMS/cmsy/m/n' tried instead on input line 276.
 [4] [5]) [6]
\openout2 = `week_2/g_week_2.aux'.


(./week_2/g_week_2.tex [7


] [8] [9] [10]) [11]
\openout2 = `week_3/zach.aux'.

 (./week_3/zach.tex [12


] [13]

LaTeX Warning: Reference `1.9' on page 14 undefined on input line 170.

[14]

LaTeX Warning: Reference `3.8' on page 15 undefined on input line 218.


LaTeX Warning: Reference `3.9' on page 15 undefined on input line 221.


LaTeX Warning: Reference `3.12' on page 15 undefined on input line 222.


LaTeX Warning: Reference `3.10' on page 15 undefined on input line 224.


LaTeX Warning: Reference `3.12' on page 15 undefined on input line 225.


LaTeX Warning: Reference `3.10' on page 15 undefined on input line 225.


LaTeX Warning: Reference `3.10' on page 15 undefined on input line 225.


LaTeX Warning: Reference `3.9' on page 15 undefined on input line 225.


LaTeX Warning: Reference `3.10' on page 15 undefined on input line 228.


LaTeX Warning: Reference `3.11' on page 15 undefined on input line 230.


LaTeX Warning: Reference `3.10' on page 15 undefined on input line 230.


LaTeX Warning: Reference `3.10' on page 15 undefined on input line 235.


LaTeX Warning: Reference `3.12' on page 15 undefined on input line 236.


LaTeX Warning: Reference `3.10' on page 15 undefined on input line 236.


LaTeX Warning: Reference `3.9' on page 15 undefined on input line 236.


LaTeX Warning: Reference `3.11' on page 15 undefined on input line 243.

[15]

LaTeX Warning: Reference `3.9' on page 16 undefined on input line 252.


LaTeX Warning: Reference `3.11' on page 16 undefined on input line 252.

) [16]
\openout2 = `week_4/g_week_4.aux'.

 (./week_4/g_week_4.tex [17


] [18]) [19] [20]
\openout2 = `week_5/g_week_5.aux'.

 (./week_5/g_week_5.tex
[21


] [22]) [23]
\openout2 = `week_6/g_week_6.aux'.

 (./week_6/g_week_6.tex [24


] [25] [26] [27] [28] [29]) [30]
\openout2 = `week_7/285D_notes_nov_17_18_21.aux'.


(./week_7/285D_notes_nov_17_18_21.tex
LaTeX Font Info:    Try loading font information for U+dsrom on input line 6.

(/usr/local/texlive/2012/texmf-dist/tex/latex/doublestroke/Udsrom.fd
File: Udsrom.fd 1995/08/01 v0.1 Double stroke roman font definitions
) [31


]
[32] [33] [34] [35]

LaTeX Warning: The counter will not be printed.
             The label is: $\bullet $ on input line 195.

[36]) [37]
\openout2 = `week_8/g_week_8.aux'.

 (./week_8/g_week_8.tex [38


]
LaTeX Font Info:    Try loading font information for U+euf on input line 66.

(/usr/local/texlive/2012/texmf-dist/tex/latex/amsfonts/ueuf.fd
File: ueuf.fd 2009/06/22 v3.00 Euler Fraktur
) [39]) [40]
\openout2 = `week_9/g_week_9.aux'.


(./week_9/g_week_9.tex [41


]) [42]
\openout2 = `week_11/g_week_11.aux'.

 (./week_11/g_week_11.tex [43


]) [44]
\openout2 = `week_11/week_11_addendum.aux'.


(./week_11/week_11_addendum.tex) [45


] (./Global.aux
(./week_1/john_susice_surreal_numbers_notes_fall2014.aux)
(./week_2/g_week_2.aux) (./week_3/zach.aux) (./week_4/g_week_4.aux)
(./week_5/g_week_5.aux) (./week_6/g_week_6.aux)
(./week_7/285D_notes_nov_17_18_21.aux) (./week_8/g_week_8.aux)
(./week_9/g_week_9.aux) (./week_11/g_week_11.aux)
(./week_11/week_11_addendum.aux))

LaTeX Warning: There were undefined references.


LaTeX Warning: There were multiply-defined labels.

 ) 
Here is how much of TeX's memory you used:
 1565 strings out of 493488
 19137 string characters out of 3141326
 78039 words of memory out of 3000000
 4778 multiletter control sequences out of 15000+200000
 17909 words of font info for 69 fonts, out of 3000000 for 9000
 957 hyphenation exceptions out of 8191
 27i,16n,24p,733b,322s stack positions out of 5000i,500n,10000p,200000b,50000s
</usr/local/texlive/2012/texmf-dist/fonts/type1/public/amsfonts/cm/cmbx10.pfb
></usr/local/texlive/2012/texmf-dist/fonts/type1/public/amsfonts/cm/cmbx12.pfb>
</usr/local/texlive/2012/texmf-dist/fonts/type1/public/amsfonts/cm/cmbx7.pfb></
usr/local/texlive/2012/texmf-dist/fonts/type1/public/amsfonts/cm/cmbxti10.pfb><
/usr/local/texlive/2012/texmf-dist/fonts/type1/public/amsfonts/cm/cmex10.pfb></
usr/local/texlive/2012/texmf-dist/fonts/type1/public/amsfonts/cm/cmmi10.pfb></u
sr/local/texlive/2012/texmf-dist/fonts/type1/public/amsfonts/cm/cmmi5.pfb></usr
/local/texlive/2012/texmf-dist/fonts/type1/public/amsfonts/cm/cmmi7.pfb></usr/l
ocal/texlive/2012/texmf-dist/fonts/type1/public/amsfonts/cm/cmmi8.pfb></usr/loc
al/texlive/2012/texmf-dist/fonts/type1/public/amsfonts/cm/cmr10.pfb></usr/local
/texlive/2012/texmf-dist/fonts/type1/public/amsfonts/cm/cmr12.pfb></usr/local/t
exlive/2012/texmf-dist/fonts/type1/public/amsfonts/cm/cmr17.pfb></usr/local/tex
live/2012/texmf-dist/fonts/type1/public/amsfonts/cm/cmr5.pfb></usr/local/texliv
e/2012/texmf-dist/fonts/type1/public/amsfonts/cm/cmr6.pfb></usr/local/texlive/2
012/texmf-dist/fonts/type1/public/amsfonts/cm/cmr7.pfb></usr/local/texlive/2012
/texmf-dist/fonts/type1/public/amsfonts/cm/cmr8.pfb></usr/local/texlive/2012/te
xmf-dist/fonts/type1/public/amsfonts/cm/cmss10.pfb></usr/local/texlive/2012/tex
mf-dist/fonts/type1/public/amsfonts/cm/cmsy10.pfb></usr/local/texlive/2012/texm
f-dist/fonts/type1/public/amsfonts/cm/cmsy5.pfb></usr/local/texlive/2012/texmf-
dist/fonts/type1/public/amsfonts/cm/cmsy7.pfb></usr/local/texlive/2012/texmf-di
st/fonts/type1/public/amsfonts/cm/cmsy8.pfb></usr/local/texlive/2012/texmf-dist
/fonts/type1/public/amsfonts/cm/cmti10.pfb></usr/local/texlive/2012/texmf-dist/
fonts/type1/public/amsfonts/cm/cmti7.pfb></usr/local/texlive/2012/texmf-dist/fo
nts/type1/public/amsfonts/cm/cmti8.pfb></usr/local/texlive/2012/texmf-dist/font
s/type1/public/doublestroke/dsrom10.pfb></usr/local/texlive/2012/texmf-dist/fon
ts/type1/public/amsfonts/euler/eufm10.pfb></usr/local/texlive/2012/texmf-dist/f
onts/type1/public/amsfonts/symbols/msam10.pfb></usr/local/texlive/2012/texmf-di
st/fonts/type1/public/amsfonts/symbols/msbm10.pfb></usr/local/texlive/2012/texm
f-dist/fonts/type1/public/amsfonts/symbols/msbm7.pfb>
Output written on Global.pdf (45 pages, 476227 bytes).
PDF statistics:
 267 PDF objects out of 1000 (max. 8388607)
 189 compressed objects within 2 object streams
 0 named destinations out of 1000 (max. 500000)
 1 words of extra memory for PDF output out of 10000 (max. 10000000)

